<?xml version="1.0" encoding="UTF-8"?>
<testsuite xmlns:xsi="http://www.w3.org/2001/XMLSchema-instance" xsi:noNamespaceSchemaLocation="https://maven.apache.org/surefire/maven-surefire-plugin/xsd/surefire-test-report-3.0.xsd" version="3.0" name="com.example.connectedCarAPIGateway.ConnectedCarApiGatewayApplicationTests" time="6.528" tests="1" errors="0" skipped="0" failures="0">
  <properties>
[...]
</properties>
  <testcase name="contextLoads" classname="com.example.connectedCarAPIGateway.ConnectedCarApiGatewayApplicationTests" time="1.05">
    <system-out><![CDATA[15:39:39.821 [main] INFO org.springframework.test.context.support.AnnotationConfigContextLoaderUtils -- Could not detect default configuration classes for test class [com.example.connectedCarAPIGateway.ConnectedCarApiGatewayApplicationTests]: ConnectedCarApiGatewayApplicationTests does not declare any static, non-private, non-final, nested classes annotated with @Configuration.
15:39:39.932 [main] INFO org.springframework.boot.test.context.SpringBootTestContextBootstrapper -- Found @SpringBootConfiguration com.example.connectedCarAPIGateway.ConnectedCarApiGatewayApplication for test class com.example.connectedCarAPIGateway.ConnectedCarApiGatewayApplicationTests

  .   ____          _            __ _ _
 /\\ / ___'_ __ _ _(_)_ __  __ _ \ \ \ \
( ( )\___ | '_ | '_| | '_ \/ _` | \ \ \ \
 \\/  ___)| |_)| | | | | || (_| |  ) ) ) )
  '  |____| .__|_| |_|_| |_\__, | / / / /
 =========|_|==============|___/=/_/_/_/
 :: Spring Boot ::                (v3.2.1)

2024-01-11T15:39:40.598+05:30  INFO 2568 --- [api-gateway] [           main] c.ConnectedCarApiGatewayApplicationTests : Starting ConnectedCarApiGatewayApplicationTests using Java 17.0.9 with PID 2568 (started by EE212577 in C:\Users\ee212577\Desktop\New folder\connectedCarAPIGateway\connectedCarAPIGateway)
2024-01-11T15:39:40.601+05:30  INFO 2568 --- [api-gateway] [           main] c.ConnectedCarApiGatewayApplicationTests : No active profile set, falling back to 1 default profile: "default"
2024-01-11T15:39:41.913+05:30  INFO 2568 --- [api-gateway] [           main] o.s.cloud.context.scope.GenericScope     : BeanFactory id=a9fdfc08-0149-3fea-8aab-d83ed6fecfcd
2024-01-11T15:39:43.470+05:30  INFO 2568 --- [api-gateway] [           main] o.s.c.g.r.RouteDefinitionRouteLocator    : Loaded RoutePredicateFactory [After]
2024-01-11T15:39:43.470+05:30  INFO 2568 --- [api-gateway] [           main] o.s.c.g.r.RouteDefinitionRouteLocator    : Loaded RoutePredicateFactory [Before]
2024-01-11T15:39:43.470+05:30  INFO 2568 --- [api-gateway] [           main] o.s.c.g.r.RouteDefinitionRouteLocator    : Loaded RoutePredicateFactory [Between]
2024-01-11T15:39:43.470+05:30  INFO 2568 --- [api-gateway] [           main] o.s.c.g.r.RouteDefinitionRouteLocator    : Loaded RoutePredicateFactory [Cookie]
2024-01-11T15:39:43.471+05:30  INFO 2568 --- [api-gateway] [           main] o.s.c.g.r.RouteDefinitionRouteLocator    : Loaded RoutePredicateFactory [Header]
2024-01-11T15:39:43.471+05:30  INFO 2568 --- [api-gateway] [           main] o.s.c.g.r.RouteDefinitionRouteLocator    : Loaded RoutePredicateFactory [Host]
2024-01-11T15:39:43.471+05:30  INFO 2568 --- [api-gateway] [           main] o.s.c.g.r.RouteDefinitionRouteLocator    : Loaded RoutePredicateFactory [Method]
2024-01-11T15:39:43.471+05:30  INFO 2568 --- [api-gateway] [           main] o.s.c.g.r.RouteDefinitionRouteLocator    : Loaded RoutePredicateFactory [Path]
2024-01-11T15:39:43.471+05:30  INFO 2568 --- [api-gateway] [           main] o.s.c.g.r.RouteDefinitionRouteLocator    : Loaded RoutePredicateFactory [Query]
2024-01-11T15:39:43.471+05:30  INFO 2568 --- [api-gateway] [           main] o.s.c.g.r.RouteDefinitionRouteLocator    : Loaded RoutePredicateFactory [ReadBody]
2024-01-11T15:39:43.471+05:30  INFO 2568 --- [api-gateway] [           main] o.s.c.g.r.RouteDefinitionRouteLocator    : Loaded RoutePredicateFactory [RemoteAddr]
2024-01-11T15:39:43.471+05:30  INFO 2568 --- [api-gateway] [           main] o.s.c.g.r.RouteDefinitionRouteLocator    : Loaded RoutePredicateFactory [XForwardedRemoteAddr]
2024-01-11T15:39:43.471+05:30  INFO 2568 --- [api-gateway] [           main] o.s.c.g.r.RouteDefinitionRouteLocator    : Loaded RoutePredicateFactory [Weight]
2024-01-11T15:39:43.471+05:30  INFO 2568 --- [api-gateway] [           main] o.s.c.g.r.RouteDefinitionRouteLocator    : Loaded RoutePredicateFactory [CloudFoundryRouteService]
2024-01-11T15:39:44.031+05:30  INFO 2568 --- [api-gateway] [           main] o.s.b.a.e.web.EndpointLinksResolver      : Exposing 17 endpoint(s) beneath base path '/actuator'
2024-01-11T15:39:44.285+05:30  INFO 2568 --- [api-gateway] [           main] DiscoveryClientOptionalArgsConfiguration : Eureka HTTP Client uses RestTemplate.
2024-01-11T15:39:44.362+05:30  INFO 2568 --- [api-gateway] [           main] o.s.c.n.eureka.InstanceInfoFactory       : Setting initial instance status as: STARTING
2024-01-11T15:39:44.483+05:30  INFO 2568 --- [api-gateway] [           main] com.netflix.discovery.DiscoveryClient    : Initializing Eureka in region us-east-1
2024-01-11T15:39:44.492+05:30  INFO 2568 --- [api-gateway] [           main] c.n.d.s.r.aws.ConfigClusterResolver      : Resolving eureka endpoints via configuration
2024-01-11T15:39:44.515+05:30  INFO 2568 --- [api-gateway] [           main] com.netflix.discovery.DiscoveryClient    : Disable delta property : false
2024-01-11T15:39:44.515+05:30  INFO 2568 --- [api-gateway] [           main] com.netflix.discovery.DiscoveryClient    : Single vip registry refresh property : null
2024-01-11T15:39:44.516+05:30  INFO 2568 --- [api-gateway] [           main] com.netflix.discovery.DiscoveryClient    : Force full registry fetch : false
2024-01-11T15:39:44.516+05:30  INFO 2568 --- [api-gateway] [           main] com.netflix.discovery.DiscoveryClient    : Application is null : false
2024-01-11T15:39:44.516+05:30  INFO 2568 --- [api-gateway] [           main] com.netflix.discovery.DiscoveryClient    : Registered Applications size is zero : true
2024-01-11T15:39:44.516+05:30  INFO 2568 --- [api-gateway] [           main] com.netflix.discovery.DiscoveryClient    : Application version is -1: true
2024-01-11T15:39:44.516+05:30  INFO 2568 --- [api-gateway] [           main] com.netflix.discovery.DiscoveryClient    : Getting all instance registry info from the eureka server
2024-01-11T15:39:44.950+05:30  INFO 2568 --- [api-gateway] [           main] com.netflix.discovery.DiscoveryClient    : The response status is 200
2024-01-11T15:39:44.963+05:30  INFO 2568 --- [api-gateway] [           main] com.netflix.discovery.DiscoveryClient    : Starting heartbeat executor: renew interval is: 30
2024-01-11T15:39:44.966+05:30  INFO 2568 --- [api-gateway] [           main] c.n.discovery.InstanceInfoReplicator     : InstanceInfoReplicator onDemand update allowed rate per min is 4
2024-01-11T15:39:44.977+05:30  INFO 2568 --- [api-gateway] [           main] com.netflix.discovery.DiscoveryClient    : Discovery Client initialized at timestamp 1704967784975 with initial instances count: 1
2024-01-11T15:39:44.980+05:30  INFO 2568 --- [api-gateway] [           main] o.s.c.n.e.s.EurekaServiceRegistry        : Registering application API-GATEWAY with eureka with status UP
2024-01-11T15:39:44.980+05:30  INFO 2568 --- [api-gateway] [           main] com.netflix.discovery.DiscoveryClient    : Saw local status change event StatusChangeEvent [timestamp=1704967784980, current=UP, previous=STARTING]
2024-01-11T15:39:44.982+05:30  INFO 2568 --- [api-gateway] [nfoReplicator-0] com.netflix.discovery.DiscoveryClient    : DiscoveryClient_API-GATEWAY/lpz-ee212577.sasken.com:api-gateway:8765: registering service...
2024-01-11T15:39:45.037+05:30  INFO 2568 --- [api-gateway] [nfoReplicator-0] com.netflix.discovery.DiscoveryClient    : DiscoveryClient_API-GATEWAY/lpz-ee212577.sasken.com:api-gateway:8765 - registration status: 204
2024-01-11T15:39:45.121+05:30  INFO 2568 --- [api-gateway] [           main] c.ConnectedCarApiGatewayApplicationTests : Started ConnectedCarApiGatewayApplicationTests in 5.031 seconds (process running for 6.298)
]]></system-out>
  </testcase>
</testsuite>